/Users/dmoriarty/.rvm/rubies/ruby-2.2.1/bin/ruby -r ./siteconf20160515-2674-1mke18e.rb extconf.rb
creating Makefile

make "DESTDIR=" clean

make "DESTDIR="
compiling yajl.c
compiling yajl_alloc.c
compiling yajl_buf.c
compiling yajl_encode.c
compiling yajl_ext.c
compiling yajl_gen.c
yajl_gen.c:295:5: warning: implicit conversion from enumeration type 'yajl_gen_state' to different enumeration type 'yajl_gen_status' [-Wenum-conversion]
    DECREMENT_DEPTH;
    ^~~~~~~~~~~~~~~
yajl_gen.c:181:48: note: expanded from macro 'DECREMENT_DEPTH'
    if (--(g->depth) >= YAJL_MAX_DEPTH) return yajl_gen_error;
                                        ~~~~~~ ^~~~~~~~~~~~~~
yajl_gen.c:321:5: warning: implicit conversion from enumeration type 'yajl_gen_state' to different enumeration type 'yajl_gen_status' [-Wenum-conversion]
    DECREMENT_DEPTH;
    ^~~~~~~~~~~~~~~
yajl_gen.c:181:48: note: expanded from macro 'DECREMENT_DEPTH'
    if (--(g->depth) >= YAJL_MAX_DEPTH) return yajl_gen_error;
                                        ~~~~~~ ^~~~~~~~~~~~~~
2 warnings generated.
compiling yajl_lex.c
compiling yajl_parser.c
compiling yajl_version.c
linking shared-object yajl/yajl.bundle
ld: warning: directory not found for option '-L/Users/haven/.sm/pkg/active/lib'

make "DESTDIR=" install
/usr/bin/install -m 0755 yajl.bundle ./.gem.20160515-2674-15yf3ty/yajl
